0 info it worked if it ends with ok
1 verbose cli [ '/usr/local/bin/node',
1 verbose cli   '/usr/local/bin/npm',
1 verbose cli   'install',
1 verbose cli   '-g',
1 verbose cli   'ungit' ]
2 info using npm@1.4.28
3 info using node@v0.10.35
4 verbose cache add [ 'ungit', null ]
5 verbose cache add name=undefined spec="ungit" args=["ungit",null]
6 verbose parsed url { protocol: null,
6 verbose parsed url   slashes: null,
6 verbose parsed url   auth: null,
6 verbose parsed url   host: null,
6 verbose parsed url   port: null,
6 verbose parsed url   hostname: null,
6 verbose parsed url   hash: null,
6 verbose parsed url   search: null,
6 verbose parsed url   query: null,
6 verbose parsed url   pathname: 'ungit',
6 verbose parsed url   path: 'ungit',
6 verbose parsed url   href: 'ungit' }
7 silly lockFile b5f3d853-ungit ungit
8 verbose lock ungit /home/francois/.npm/b5f3d853-ungit.lock
9 silly lockFile b5f3d853-ungit ungit
10 silly lockFile b5f3d853-ungit ungit
11 verbose addNamed [ 'ungit', '' ]
12 verbose addNamed [ null, '*' ]
13 silly lockFile 8d18b492-ungit ungit@
14 verbose lock ungit@ /home/francois/.npm/8d18b492-ungit.lock
15 silly addNameRange { name: 'ungit', range: '*', hasData: false }
16 verbose request where is /ungit
17 verbose request registry https://registry.npmjs.org/
18 verbose request id c2f984626d731938
19 verbose url raw /ungit
20 verbose url resolving [ 'https://registry.npmjs.org/', './ungit' ]
21 verbose url resolved https://registry.npmjs.org/ungit
22 verbose request where is https://registry.npmjs.org/ungit
23 info trying registry request attempt 1 at 20:28:33
24 http GET https://registry.npmjs.org/ungit
25 http 200 https://registry.npmjs.org/ungit
26 silly registry.get cb [ 200,
26 silly registry.get   { date: 'Mon, 30 Mar 2015 18:28:38 GMT',
26 silly registry.get     server: 'CouchDB/1.5.0 (Erlang OTP/R16B03)',
26 silly registry.get     etag: '"BNVXERHEOYI1R55CNU2JJ9XYF"',
26 silly registry.get     'content-type': 'application/json',
26 silly registry.get     'cache-control': 'max-age=60',
26 silly registry.get     'content-length': '60271',
26 silly registry.get     'accept-ranges': 'bytes',
26 silly registry.get     via: '1.1 varnish',
26 silly registry.get     age: '8',
26 silly registry.get     'x-served-by': 'cache-fra1242-FRA',
26 silly registry.get     'x-cache': 'HIT',
26 silly registry.get     'x-cache-hits': '1',
26 silly registry.get     'x-timer': 'S1427740118.554279,VS0,VE0',
26 silly registry.get     vary: 'Accept',
26 silly registry.get     'keep-alive': 'timeout=10, max=50',
26 silly registry.get     connection: 'Keep-Alive' } ]
27 silly addNameRange number 2 { name: 'ungit', range: '*', hasData: true }
28 silly addNameRange versions [ 'ungit',
28 silly addNameRange   [ '0.1.0',
28 silly addNameRange     '0.1.1',
28 silly addNameRange     '0.1.2',
28 silly addNameRange     '0.1.3',
28 silly addNameRange     '0.1.4',
28 silly addNameRange     '0.1.5',
28 silly addNameRange     '0.1.6',
28 silly addNameRange     '0.1.7',
28 silly addNameRange     '0.1.8',
28 silly addNameRange     '0.1.9',
28 silly addNameRange     '0.2.0',
28 silly addNameRange     '0.2.1',
28 silly addNameRange     '0.3.0',
28 silly addNameRange     '0.3.1',
28 silly addNameRange     '0.3.2',
28 silly addNameRange     '0.4.0',
28 silly addNameRange     '0.5.0',
28 silly addNameRange     '0.6.0',
28 silly addNameRange     '0.6.1',
28 silly addNameRange     '0.6.2',
28 silly addNameRange     '0.7.0',
28 silly addNameRange     '0.7.1',
28 silly addNameRange     '0.7.2',
28 silly addNameRange     '0.8.0',
28 silly addNameRange     '0.8.1',
28 silly addNameRange     '0.8.2',
28 silly addNameRange     '0.8.3',
28 silly addNameRange     '0.8.4' ] ]
29 verbose addNamed [ 'ungit', '0.8.4' ]
30 verbose addNamed [ '0.8.4', '0.8.4' ]
31 silly lockFile d7d78daa-ungit-0-8-4 ungit@0.8.4
32 verbose lock ungit@0.8.4 /home/francois/.npm/d7d78daa-ungit-0-8-4.lock
33 silly lockFile cc217a67--npmjs-org-ungit-ungit-0-8-4-tgz https://registry.npmjs.org/ungit/-/ungit-0.8.4.tgz
34 verbose lock https://registry.npmjs.org/ungit/-/ungit-0.8.4.tgz /home/francois/.npm/cc217a67--npmjs-org-ungit-ungit-0-8-4-tgz.lock
35 verbose addRemoteTarball [ 'https://registry.npmjs.org/ungit/-/ungit-0.8.4.tgz',
35 verbose addRemoteTarball   '3956812e8f2005415d351a710350f88b38c2d99a' ]
36 info retry fetch attempt 1 at 20:28:38
37 verbose fetch to= /tmp/npm-5841-q74nPEnC/registry.npmjs.org/ungit/-/ungit-0.8.4.tgz
38 http GET https://registry.npmjs.org/ungit/-/ungit-0.8.4.tgz
39 http 200 https://registry.npmjs.org/ungit/-/ungit-0.8.4.tgz
40 silly lockFile cc217a67--npmjs-org-ungit-ungit-0-8-4-tgz https://registry.npmjs.org/ungit/-/ungit-0.8.4.tgz
41 silly lockFile cc217a67--npmjs-org-ungit-ungit-0-8-4-tgz https://registry.npmjs.org/ungit/-/ungit-0.8.4.tgz
42 silly lockFile d7d78daa-ungit-0-8-4 ungit@0.8.4
43 silly lockFile d7d78daa-ungit-0-8-4 ungit@0.8.4
44 silly lockFile 8d18b492-ungit ungit@
45 silly lockFile 8d18b492-ungit ungit@
46 silly resolved [ { name: 'ungit',
46 silly resolved     author: { name: 'Fredrik Norén', email: 'fredrik.jw.noren@gmail.com' },
46 silly resolved     description: 'Git made easy',
46 silly resolved     version: '0.8.4',
46 silly resolved     ungitPluginApiVersion: '0.2.0',
46 silly resolved     scripts: { start: 'node ./bin/ungit', test: 'grunt test' },
46 silly resolved     repository:
46 silly resolved      { type: 'git',
46 silly resolved        url: 'https://github.com/FredrikNoren/ungit.git' },
46 silly resolved     bin:
46 silly resolved      { ungit: './bin/ungit',
46 silly resolved        '0ungit-credentials-helper': './bin/credentials-helper' },
46 silly resolved     dependencies:
46 silly resolved      { express: '~4.10.3',
46 silly resolved        superagent: '~0.21.0',
46 silly resolved        lodash: '~2.4.1',
46 silly resolved        temp: '~0.8.1',
46 silly resolved        'socket.io': '~0.9.16',
46 silly resolved        moment: '~2.8.4',
46 silly resolved        async: '~0.9.0',
46 silly resolved        rc: '~0.5.4',
46 silly resolved        uuid: '~2.0.1',
46 silly resolved        winston: '~0.8.3',
46 silly resolved        passport: '~0.2.1',
46 silly resolved        'passport-local': '~1.0.0',
46 silly resolved        semver: '~4.1.0',
46 silly resolved        'forever-monitor': '1.1.0',
46 silly resolved        open: '~0.0.5',
46 silly resolved        optimist: '~0.6.1',
46 silly resolved        crossroads: '~0.12.0',
46 silly resolved        signals: '~1.0.0',
46 silly resolved        hasher: '~1.2.0',
46 silly resolved        'blueimp-md5': '~1.1.0',
46 silly resolved        color: '~0.7.3',
46 silly resolved        'keen.io': '~0.1.3',
46 silly resolved        getmac: '~1.0.6',
46 silly resolved        'deep-extend': '~0.3.2',
46 silly resolved        raven: '~0.7.2',
46 silly resolved        knockout: '~3.2.0',
46 silly resolved        'npm-registry-client': '~4.0.4',
46 silly resolved        npmconf: '~2.1.1',
46 silly resolved        mkdirp: '~0.5.0',
46 silly resolved        'body-parser': '~1.9.3',
46 silly resolved        'cookie-parser': '~1.3.3',
46 silly resolved        'express-session': '~1.9.2',
46 silly resolved        'serve-static': '~1.7.1' },
46 silly resolved     devDependencies:
46 silly resolved      { 'ansi-color': '~0.2.1',
46 silly resolved        'expect.js': '~0.3.1',
46 silly resolved        grunt: '~0.4.5',
46 silly resolved        'grunt-browserify': '~3.2.1',
46 silly resolved        'grunt-contrib-clean': '~0.6.0',
46 silly resolved        'grunt-contrib-copy': '~0.7.0',
46 silly resolved        'grunt-contrib-imagemin': '~0.3.0',
46 silly resolved        'grunt-contrib-jshint': '~0.10.0',
46 silly resolved        'grunt-contrib-less': '~0.12.0',
46 silly resolved        'grunt-contrib-watch': '~0.6.1',
46 silly resolved        'grunt-curl': '~2.0.3',
46 silly resolved        'grunt-image-embed': '0.3.1',
46 silly resolved        'grunt-lineending': '~0.2.3',
46 silly resolved        'grunt-mocha-test': '~0.12.4',
46 silly resolved        'grunt-plato': '~1.3.0',
46 silly resolved        'grunt-release': '~0.7.0',
46 silly resolved        mocha: '~2.0.1',
46 silly resolved        'node-webkit-builds': '~0.9.2',
46 silly resolved        npm: '~2.1.10',
46 silly resolved        phantomjs: '~1.9.12',
46 silly resolved        supertest: '~0.10.0',
46 silly resolved        unzip: '~0.1.11' },
46 silly resolved     engines: { node: '>=0.10' },
46 silly resolved     license: 'MIT',
46 silly resolved     _node_webkit_config: '',
46 silly resolved     main: 'public/nwlauncher.html',
46 silly resolved     window:
46 silly resolved      { title: 'Ungit',
46 silly resolved        icon: 'icon.png',
46 silly resolved        toolbar: false,
46 silly resolved        frame: false,
46 silly resolved        show: false,
46 silly resolved        width: 1000,
46 silly resolved        height: 600,
46 silly resolved        position: 'center',
46 silly resolved        min_width: 400,
46 silly resolved        min_height: 200 },
46 silly resolved     bugs: { url: 'https://github.com/FredrikNoren/ungit/issues' },
46 silly resolved     homepage: 'https://github.com/FredrikNoren/ungit',
46 silly resolved     _id: 'ungit@0.8.4',
46 silly resolved     dist:
46 silly resolved      { shasum: '3956812e8f2005415d351a710350f88b38c2d99a',
46 silly resolved        tarball: 'http://registry.npmjs.org/ungit/-/ungit-0.8.4.tgz' },
46 silly resolved     _from: 'ungit@',
46 silly resolved     _npmVersion: '1.3.25',
46 silly resolved     _npmUser: { name: 'fredriknoren', email: 'fredrik.jw.noren@gmail.com' },
46 silly resolved     maintainers: [ [Object] ],
46 silly resolved     directories: {},
46 silly resolved     _shasum: '3956812e8f2005415d351a710350f88b38c2d99a',
46 silly resolved     _resolved: 'https://registry.npmjs.org/ungit/-/ungit-0.8.4.tgz' } ]
47 info install ungit@0.8.4 into /usr/local/lib
48 info installOne ungit@0.8.4
49 verbose lib/node_modules/ungit unbuild
50 verbose tar unpack /home/francois/.npm/ungit/0.8.4/package.tgz
51 silly lockFile abc86296-usr-local-lib-node-modules-ungit tar:///usr/local/lib/node_modules/ungit
52 verbose lock tar:///usr/local/lib/node_modules/ungit /home/francois/.npm/abc86296-usr-local-lib-node-modules-ungit.lock
53 silly lockFile a2a211db-cois-npm-ungit-0-8-4-package-tgz tar:///home/francois/.npm/ungit/0.8.4/package.tgz
54 verbose lock tar:///home/francois/.npm/ungit/0.8.4/package.tgz /home/francois/.npm/a2a211db-cois-npm-ungit-0-8-4-package-tgz.lock
55 silly gunzTarPerm modes [ '755', '644' ]
56 error Error: EACCES, mkdir '/usr/local/lib/node_modules/ungit'
56 error  { [Error: EACCES, mkdir '/usr/local/lib/node_modules/ungit']
56 error   errno: 3,
56 error   code: 'EACCES',
56 error   path: '/usr/local/lib/node_modules/ungit',
56 error   fstream_type: 'Directory',
56 error   fstream_path: '/usr/local/lib/node_modules/ungit',
56 error   fstream_class: 'DirWriter',
56 error   fstream_stack:
56 error    [ '/usr/local/lib/node_modules/npm/node_modules/fstream/lib/dir-writer.js:36:23',
56 error      '/usr/local/lib/node_modules/npm/node_modules/mkdirp/index.js:46:53',
56 error      'Object.oncomplete (fs.js:108:15)' ] }
57 error Please try running this command again as root/Administrator.
58 error System Linux 3.2.0-4-686-pae
59 error command "/usr/local/bin/node" "/usr/local/bin/npm" "install" "-g" "ungit"
60 error cwd /home/francois/Documents/script/git-test
61 error node -v v0.10.35
62 error npm -v 1.4.28
63 error path /usr/local/lib/node_modules/ungit
64 error fstream_path /usr/local/lib/node_modules/ungit
65 error fstream_type Directory
66 error fstream_class DirWriter
67 error code EACCES
68 error errno 3
69 error stack Error: EACCES, mkdir '/usr/local/lib/node_modules/ungit'
70 error fstream_stack /usr/local/lib/node_modules/npm/node_modules/fstream/lib/dir-writer.js:36:23
70 error fstream_stack /usr/local/lib/node_modules/npm/node_modules/mkdirp/index.js:46:53
70 error fstream_stack Object.oncomplete (fs.js:108:15)
71 verbose exit [ 3, true ]
